----------------------------------------------------------------------------------------------------------------------------------------
MyEclipse: deployment START exploded project: GestoreFascicoloEAR server: websphere61Server#AppSrv01 time: Thu Jul 30 14:32:36 CEST 2015
----------------------------------------------------------------------------------------------------------------------------------------
WASX7209I: Connesso al processo "server1" sul nodo GiulioZelanteNode01 utilizzando il connettore SOAP;  Il tipo di processo Š: UnManagedProcess
WASX7303I: Le seguenti opzioni vengono inviate all''ambiente di script e sono disponibili come argomento che viene archiviato nella variabile argv: "[C:\\IBM\\SDP\\runtimes\\base_v61\\profiles\\AppSrv01\\installableApps\\GestoreFascicoloEAR.ear, GiulioZelanteNode01Cell, GiulioZelanteNode01, server1, GestoreFascicoloEAR, {{"GestoreFascicolo.war" "GestoreFascicolo.war,WEB-INF/web.xml" default_host}}, {{"null" "GestoreFascicolo.war,WEB-INF/ibm-web-ext.xmi"AppDeploymentOption.Yes 1}}, true, false, true, C:/lavoro/MyEclipse Blue 2014/configuration/org.eclipse.osgi/bundles/22/1/.cp/scriptutil/scriptutil.jar, none, true, none]"
C:\IBM\SDP\runtimes\base_v61\profiles\AppSrv01\installableApps\GestoreFascicoloEAR.ear
GiulioZelanteNode01Cell
GiulioZelanteNode01
server1
GestoreFascicoloEAR
{"GestoreFascicolo.war" "GestoreFascicolo.war,WEB-INF/web.xml" default_host}
{"null" "GestoreFascicolo.war,WEB-INF/ibm-web-ext.xmi"AppDeploymentOption.Yes 1}
-nopreCompileJSPs -distributeApp -server "server1" -useMetaDataFromBinary -nodeployejb -appname "GestoreFascicoloEAR" -createMBeansForResources -reloadEnabled -reloadInterval 1 -deployws -validateinstall off -processEmbeddedConfig -filepermission .*.dll=755#.*.so=755#.*.a=755#.*.sl=755  -buildVersion Unknown  -noallowDispatchRemoteInclude  -noallowServiceRemoteInclude  -MapWebModToVH {{"GestoreFascicolo.war" "GestoreFascicolo.war,WEB-INF/web.xml" default_host}} -JSPReloadForWebMod {{"null" "GestoreFascicolo.war,WEB-INF/ibm-web-ext.xmi"AppDeploymentOption.Yes 1}} 
true
false
true
C:/lavoro/MyEclipse Blue 2014/configuration/org.eclipse.osgi/bundles/22/1/.cp/scriptutil/scriptutil.jar

-nodeployejb
-processEmbeddedConfig
ADMA5016I: Installazione di GestoreFascicoloEAR avviata.
ADMA5058I: Le versioni dellapplicazione e del modulo sono convalidate con le versioni delle destinazioni di distribuzione.
WSWS0041I: L'attivit… del distributore di servizi Web Š stata completata con esito positivo.
ADMA5005I: L'applicazione GestoreFascicoloEAR Š configurata nel repository di WebSphere Application Server.
ADMA5053I: Sono creati i riferimenti alla libreria per il pacchetto facoltativo installato.
ADMA5005I: L'applicazione GestoreFascicoloEAR Š configurata nel repository di WebSphere Application Server.
ADMA5001I: File binari dell'applicazione salvati in C:\IBM\SDP\runtimes\base_v61\profiles\AppSrv01\wstemp\Script14edef34abe\workspace\cells\GiulioZelanteNode01Cell\applications\GestoreFascicoloEAR.ear\GestoreFascicoloEAR.ear
ADMA5005I: L'applicazione GestoreFascicoloEAR Š configurata nel repository di WebSphere Application Server.
SECJ0400I: Applicazione GestoreFascicoloEAR con informazioni appContextIDForSecurity aggiornata correttamente.
ADMA5005I: L'applicazione GestoreFascicoloEAR Š configurata nel repository di WebSphere Application Server.
ADMA5011I: La pulitura della directory temporanea per l'applicazione GestoreFascicoloEAR Š completa.
ADMA5013I: Installazione dell'applicazione GestoreFascicoloEAR riuscita.
Starting GestoreFascicoloEAR application.
-----------------------------------------------------------------------------------------------------------------------------
MyEclipse: deployment END project: GestoreFascicoloEAR server: websphere61Server#AppSrv01 time: Thu Jul 30 14:34:26 CEST 2015
-----------------------------------------------------------------------------------------------------------------------------
----------------------------------------------------------------------------------------------------------------------------------------
MyEclipse: deployment START exploded project: GestoreFascicoloEAR server: websphere61Server#AppSrv01 time: Thu Jul 30 14:34:32 CEST 2015
----------------------------------------------------------------------------------------------------------------------------------------
WASX7209I: Connesso al processo "server1" sul nodo GiulioZelanteNode01 utilizzando il connettore SOAP;  Il tipo di processo Š: UnManagedProcess
WASX7303I: Le seguenti opzioni vengono inviate all''ambiente di script e sono disponibili come argomento che viene archiviato nella variabile argv: "[C:\\IBM\\SDP\\runtimes\\base_v61\\profiles\\AppSrv01\\installableApps\\GestoreFascicoloEAR.ear, GiulioZelanteNode01Cell, GiulioZelanteNode01, server1, GestoreFascicoloEAR, {{"GestoreFascicolo.war" "GestoreFascicolo.war,WEB-INF/web.xml" default_host}}, {{"null" "GestoreFascicolo.war,WEB-INF/ibm-web-ext.xmi"AppDeploymentOption.Yes 1}}, true, false, true, C:/lavoro/MyEclipse Blue 2014/configuration/org.eclipse.osgi/bundles/22/1/.cp/scriptutil/scriptutil.jar, none, true, none]"
C:\IBM\SDP\runtimes\base_v61\profiles\AppSrv01\installableApps\GestoreFascicoloEAR.ear
GiulioZelanteNode01Cell
GiulioZelanteNode01
server1
GestoreFascicoloEAR
{"GestoreFascicolo.war" "GestoreFascicolo.war,WEB-INF/web.xml" default_host}
{"null" "GestoreFascicolo.war,WEB-INF/ibm-web-ext.xmi"AppDeploymentOption.Yes 1}
-nopreCompileJSPs -distributeApp -server "server1" -useMetaDataFromBinary -nodeployejb -appname "GestoreFascicoloEAR" -createMBeansForResources -reloadEnabled -reloadInterval 1 -deployws -validateinstall off -processEmbeddedConfig -filepermission .*.dll=755#.*.so=755#.*.a=755#.*.sl=755  -buildVersion Unknown  -noallowDispatchRemoteInclude  -noallowServiceRemoteInclude  -MapWebModToVH {{"GestoreFascicolo.war" "GestoreFascicolo.war,WEB-INF/web.xml" default_host}} -JSPReloadForWebMod {{"null" "GestoreFascicolo.war,WEB-INF/ibm-web-ext.xmi"AppDeploymentOption.Yes 1}} 
true
false
true
C:/lavoro/MyEclipse Blue 2014/configuration/org.eclipse.osgi/bundles/22/1/.cp/scriptutil/scriptutil.jar

-nodeployejb
-processEmbeddedConfig
WASX7017E: Eccezione ricevuta durante l''esecuzione del file "C:\lavoro\MyEclipse Blue 2014\plugins\com.genuitec.eclipse.blue.websphere61_11.0.0.me201305201839\installEAR.jacl"; informazioni sull''eccezione: com.ibm.ws.scripting.ScriptingException: WASX7279E: esiste gi… un''applicazione con nome "GestoreFascicoloEAR". Selezionare un altro nome.

-----------------------------------------------------------------------------------------------------------------------------
MyEclipse: deployment END project: GestoreFascicoloEAR server: websphere61Server#AppSrv01 time: Thu Jul 30 14:34:47 CEST 2015
-----------------------------------------------------------------------------------------------------------------------------
----------------------------------------------------------------------------------------------------------------------------------------
MyEclipse: deployment START exploded project: GestoreFascicoloEAR server: websphere61Server#AppSrv01 time: Thu Jul 30 14:44:43 CEST 2015
----------------------------------------------------------------------------------------------------------------------------------------
WASX7209I: Connesso al processo "server1" sul nodo GiulioZelanteNode01 utilizzando il connettore SOAP;  Il tipo di processo Š: UnManagedProcess
WASX7303I: Le seguenti opzioni vengono inviate all''ambiente di script e sono disponibili come argomento che viene archiviato nella variabile argv: "[server1, GestoreFascicoloEAR]"
server1
GestoreFascicoloEAR
-----------------------------------------------------------------------------------------------------------------------------
MyEclipse: deployment END project: GestoreFascicoloEAR server: websphere61Server#AppSrv01 time: Thu Jul 30 14:45:12 CEST 2015
-----------------------------------------------------------------------------------------------------------------------------
----------------------------------------------------------------------------------------------------------------------------------------
MyEclipse: deployment START exploded project: GestoreFascicoloEAR server: websphere61Server#AppSrv01 time: Thu Jul 30 15:04:26 CEST 2015
----------------------------------------------------------------------------------------------------------------------------------------
WASX7209I: Connesso al processo "server1" sul nodo GiulioZelanteNode01 utilizzando il connettore SOAP;  Il tipo di processo Š: UnManagedProcess
WASX7303I: Le seguenti opzioni vengono inviate all''ambiente di script e sono disponibili come argomento che viene archiviato nella variabile argv: "[server1, GestoreFascicoloEAR]"
server1
GestoreFascicoloEAR
-----------------------------------------------------------------------------------------------------------------------------
MyEclipse: deployment END project: GestoreFascicoloEAR server: websphere61Server#AppSrv01 time: Thu Jul 30 15:04:40 CEST 2015
-----------------------------------------------------------------------------------------------------------------------------
----------------------------------------------------------------------------------------------------------------------------------------
MyEclipse: deployment START exploded project: GestoreFascicoloEAR server: websphere61Server#AppSrv01 time: Thu Jul 30 15:07:37 CEST 2015
----------------------------------------------------------------------------------------------------------------------------------------
WASX7209I: Connesso al processo "server1" sul nodo GiulioZelanteNode01 utilizzando il connettore SOAP;  Il tipo di processo Š: UnManagedProcess
WASX7303I: Le seguenti opzioni vengono inviate all''ambiente di script e sono disponibili come argomento che viene archiviato nella variabile argv: "[server1, GestoreFascicoloEAR]"
server1
GestoreFascicoloEAR
-----------------------------------------------------------------------------------------------------------------------------
MyEclipse: deployment END project: GestoreFascicoloEAR server: websphere61Server#AppSrv01 time: Thu Jul 30 15:07:52 CEST 2015
-----------------------------------------------------------------------------------------------------------------------------
----------------------------------------------------------------------------------------------------------------------------------------
MyEclipse: deployment START exploded project: GestoreFascicoloEAR server: websphere61Server#AppSrv01 time: Thu Jul 30 15:11:25 CEST 2015
----------------------------------------------------------------------------------------------------------------------------------------
WASX7209I: Connesso al processo "server1" sul nodo GiulioZelanteNode01 utilizzando il connettore SOAP;  Il tipo di processo Š: UnManagedProcess
WASX7303I: Le seguenti opzioni vengono inviate all''ambiente di script e sono disponibili come argomento che viene archiviato nella variabile argv: "[server1, GestoreFascicoloEAR]"
server1
GestoreFascicoloEAR
-----------------------------------------------------------------------------------------------------------------------------
MyEclipse: deployment END project: GestoreFascicoloEAR server: websphere61Server#AppSrv01 time: Thu Jul 30 15:11:41 CEST 2015
-----------------------------------------------------------------------------------------------------------------------------
----------------------------------------------------------------------------------------------------------------------------------------
MyEclipse: deployment START exploded project: GestoreFascicoloEAR server: websphere61Server#AppSrv01 time: Thu Jul 30 15:14:43 CEST 2015
----------------------------------------------------------------------------------------------------------------------------------------
WASX7209I: Connesso al processo "server1" sul nodo GiulioZelanteNode01 utilizzando il connettore SOAP;  Il tipo di processo Š: UnManagedProcess
WASX7303I: Le seguenti opzioni vengono inviate all''ambiente di script e sono disponibili come argomento che viene archiviato nella variabile argv: "[server1, GestoreFascicoloEAR]"
server1
GestoreFascicoloEAR
-----------------------------------------------------------------------------------------------------------------------------
MyEclipse: deployment END project: GestoreFascicoloEAR server: websphere61Server#AppSrv01 time: Thu Jul 30 15:14:59 CEST 2015
-----------------------------------------------------------------------------------------------------------------------------
----------------------------------------------------------------------------------------------------------------------------------------
MyEclipse: deployment START exploded project: GestoreFascicoloEAR server: websphere61Server#AppSrv01 time: Thu Jul 30 15:17:14 CEST 2015
----------------------------------------------------------------------------------------------------------------------------------------
WASX7209I: Connesso al processo "server1" sul nodo GiulioZelanteNode01 utilizzando il connettore SOAP;  Il tipo di processo Š: UnManagedProcess
WASX7303I: Le seguenti opzioni vengono inviate all''ambiente di script e sono disponibili come argomento che viene archiviato nella variabile argv: "[server1, GestoreFascicoloEAR]"
server1
GestoreFascicoloEAR
-----------------------------------------------------------------------------------------------------------------------------
MyEclipse: deployment END project: GestoreFascicoloEAR server: websphere61Server#AppSrv01 time: Thu Jul 30 15:17:28 CEST 2015
-----------------------------------------------------------------------------------------------------------------------------
----------------------------------------------------------------------------------------------------------------------------------------
MyEclipse: deployment START exploded project: GestoreFascicoloEAR server: websphere61Server#AppSrv01 time: Thu Jul 30 15:19:40 CEST 2015
----------------------------------------------------------------------------------------------------------------------------------------
WASX7209I: Connesso al processo "server1" sul nodo GiulioZelanteNode01 utilizzando il connettore SOAP;  Il tipo di processo Š: UnManagedProcess
WASX7303I: Le seguenti opzioni vengono inviate all''ambiente di script e sono disponibili come argomento che viene archiviato nella variabile argv: "[server1, GestoreFascicoloEAR]"
server1
GestoreFascicoloEAR
-----------------------------------------------------------------------------------------------------------------------------
MyEclipse: deployment END project: GestoreFascicoloEAR server: websphere61Server#AppSrv01 time: Thu Jul 30 15:19:59 CEST 2015
-----------------------------------------------------------------------------------------------------------------------------
----------------------------------------------------------------------------------------------------------------------------------------
MyEclipse: deployment START exploded project: GestoreFascicoloEAR server: websphere61Server#AppSrv01 time: Thu Jul 30 16:46:27 CEST 2015
----------------------------------------------------------------------------------------------------------------------------------------
WASX7209I: Connesso al processo "server1" sul nodo GiulioZelanteNode01 utilizzando il connettore SOAP;  Il tipo di processo Š: UnManagedProcess
WASX7303I: Le seguenti opzioni vengono inviate all''ambiente di script e sono disponibili come argomento che viene archiviato nella variabile argv: "[server1, GestoreFascicoloEAR]"
server1
GestoreFascicoloEAR
-----------------------------------------------------------------------------------------------------------------------------
MyEclipse: deployment END project: GestoreFascicoloEAR server: websphere61Server#AppSrv01 time: Thu Jul 30 16:46:56 CEST 2015
-----------------------------------------------------------------------------------------------------------------------------
----------------------------------------------------------------------------------------------------------------------------------------
MyEclipse: deployment START exploded project: GestoreFascicoloEAR server: websphere61Server#AppSrv01 time: Thu Jul 30 17:09:10 CEST 2015
----------------------------------------------------------------------------------------------------------------------------------------
WASX7209I: Connesso al processo "server1" sul nodo GiulioZelanteNode01 utilizzando il connettore SOAP;  Il tipo di processo Š: UnManagedProcess
WASX7303I: Le seguenti opzioni vengono inviate all''ambiente di script e sono disponibili come argomento che viene archiviato nella variabile argv: "[server1, GestoreFascicoloEAR]"
server1
GestoreFascicoloEAR
-----------------------------------------------------------------------------------------------------------------------------
MyEclipse: deployment END project: GestoreFascicoloEAR server: websphere61Server#AppSrv01 time: Thu Jul 30 17:09:28 CEST 2015
-----------------------------------------------------------------------------------------------------------------------------
----------------------------------------------------------------------------------------------------------------------------------------
MyEclipse: deployment START exploded project: GestoreFascicoloEAR server: websphere61Server#AppSrv01 time: Tue Aug 04 10:35:21 CEST 2015
----------------------------------------------------------------------------------------------------------------------------------------
WASX7209I: Connesso al processo "server1" sul nodo GiulioZelanteNode01 utilizzando il connettore SOAP;  Il tipo di processo Š: UnManagedProcess
WASX7303I: Le seguenti opzioni vengono inviate all''ambiente di script e sono disponibili come argomento che viene archiviato nella variabile argv: "[server1, GestoreFascicoloEAR]"
server1
GestoreFascicoloEAR
-----------------------------------------------------------------------------------------------------------------------------
MyEclipse: deployment END project: GestoreFascicoloEAR server: websphere61Server#AppSrv01 time: Tue Aug 04 10:35:43 CEST 2015
-----------------------------------------------------------------------------------------------------------------------------
----------------------------------------------------------------------------------------------------------------------------------------
MyEclipse: deployment START exploded project: GestoreFascicoloEAR server: websphere61Server#AppSrv01 time: Tue Aug 04 11:18:43 CEST 2015
----------------------------------------------------------------------------------------------------------------------------------------
WASX7209I: Connesso al processo "server1" sul nodo GiulioZelanteNode01 utilizzando il connettore SOAP;  Il tipo di processo Š: UnManagedProcess
WASX7303I: Le seguenti opzioni vengono inviate all''ambiente di script e sono disponibili come argomento che viene archiviato nella variabile argv: "[server1, GestoreFascicoloEAR]"
server1
GestoreFascicoloEAR
-----------------------------------------------------------------------------------------------------------------------------
MyEclipse: deployment END project: GestoreFascicoloEAR server: websphere61Server#AppSrv01 time: Tue Aug 04 11:19:00 CEST 2015
-----------------------------------------------------------------------------------------------------------------------------
----------------------------------------------------------------------------------------------------------------------------------------
MyEclipse: deployment START exploded project: GestoreFascicoloEAR server: websphere61Server#AppSrv01 time: Tue Aug 04 11:22:32 CEST 2015
----------------------------------------------------------------------------------------------------------------------------------------
WASX7209I: Connesso al processo "server1" sul nodo GiulioZelanteNode01 utilizzando il connettore SOAP;  Il tipo di processo Š: UnManagedProcess
WASX7303I: Le seguenti opzioni vengono inviate all''ambiente di script e sono disponibili come argomento che viene archiviato nella variabile argv: "[server1, GestoreFascicoloEAR]"
server1
GestoreFascicoloEAR
-----------------------------------------------------------------------------------------------------------------------------
MyEclipse: deployment END project: GestoreFascicoloEAR server: websphere61Server#AppSrv01 time: Tue Aug 04 11:22:48 CEST 2015
-----------------------------------------------------------------------------------------------------------------------------
----------------------------------------------------------------------------------------------------------------------------------------
MyEclipse: deployment START exploded project: GestoreFascicoloEAR server: websphere61Server#AppSrv01 time: Tue Aug 04 11:26:35 CEST 2015
----------------------------------------------------------------------------------------------------------------------------------------
WASX7209I: Connesso al processo "server1" sul nodo GiulioZelanteNode01 utilizzando il connettore SOAP;  Il tipo di processo Š: UnManagedProcess
WASX7303I: Le seguenti opzioni vengono inviate all''ambiente di script e sono disponibili come argomento che viene archiviato nella variabile argv: "[server1, GestoreFascicoloEAR]"
server1
GestoreFascicoloEAR
-----------------------------------------------------------------------------------------------------------------------------
MyEclipse: deployment END project: GestoreFascicoloEAR server: websphere61Server#AppSrv01 time: Tue Aug 04 11:26:52 CEST 2015
-----------------------------------------------------------------------------------------------------------------------------
----------------------------------------------------------------------------------------------------------------------------------------
MyEclipse: deployment START exploded project: GestoreFascicoloEAR server: websphere61Server#AppSrv01 time: Tue Aug 04 11:49:59 CEST 2015
----------------------------------------------------------------------------------------------------------------------------------------
WASX7209I: Connesso al processo "server1" sul nodo GiulioZelanteNode01 utilizzando il connettore SOAP;  Il tipo di processo Š: UnManagedProcess
WASX7303I: Le seguenti opzioni vengono inviate all''ambiente di script e sono disponibili come argomento che viene archiviato nella variabile argv: "[server1, GestoreFascicoloEAR]"
server1
GestoreFascicoloEAR
-----------------------------------------------------------------------------------------------------------------------------
MyEclipse: deployment END project: GestoreFascicoloEAR server: websphere61Server#AppSrv01 time: Tue Aug 04 11:50:15 CEST 2015
-----------------------------------------------------------------------------------------------------------------------------
----------------------------------------------------------------------------------------------------------------------------------------
MyEclipse: deployment START exploded project: GestoreFascicoloEAR server: websphere61Server#AppSrv01 time: Tue Aug 04 12:13:55 CEST 2015
----------------------------------------------------------------------------------------------------------------------------------------
WASX7209I: Connesso al processo "server1" sul nodo GiulioZelanteNode01 utilizzando il connettore SOAP;  Il tipo di processo Š: UnManagedProcess
WASX7303I: Le seguenti opzioni vengono inviate all''ambiente di script e sono disponibili come argomento che viene archiviato nella variabile argv: "[server1, GestoreFascicoloEAR]"
server1
GestoreFascicoloEAR
-----------------------------------------------------------------------------------------------------------------------------
MyEclipse: deployment END project: GestoreFascicoloEAR server: websphere61Server#AppSrv01 time: Tue Aug 04 12:14:09 CEST 2015
-----------------------------------------------------------------------------------------------------------------------------
----------------------------------------------------------------------------------------------------------------------------------------
MyEclipse: deployment START exploded project: GestoreFascicoloEAR server: websphere61Server#AppSrv01 time: Tue Aug 04 12:18:53 CEST 2015
----------------------------------------------------------------------------------------------------------------------------------------
WASX7209I: Connesso al processo "server1" sul nodo GiulioZelanteNode01 utilizzando il connettore SOAP;  Il tipo di processo Š: UnManagedProcess
WASX7303I: Le seguenti opzioni vengono inviate all''ambiente di script e sono disponibili come argomento che viene archiviato nella variabile argv: "[server1, GestoreFascicoloEAR]"
server1
GestoreFascicoloEAR
-----------------------------------------------------------------------------------------------------------------------------
MyEclipse: deployment END project: GestoreFascicoloEAR server: websphere61Server#AppSrv01 time: Tue Aug 04 12:19:07 CEST 2015
-----------------------------------------------------------------------------------------------------------------------------
----------------------------------------------------------------------------------------------------------------------------------------
MyEclipse: deployment START exploded project: GestoreFascicoloEAR server: websphere61Server#AppSrv01 time: Tue Aug 04 12:26:05 CEST 2015
----------------------------------------------------------------------------------------------------------------------------------------
WASX7209I: Connesso al processo "server1" sul nodo GiulioZelanteNode01 utilizzando il connettore SOAP;  Il tipo di processo Š: UnManagedProcess
WASX7303I: Le seguenti opzioni vengono inviate all''ambiente di script e sono disponibili come argomento che viene archiviato nella variabile argv: "[GestoreFascicoloEAR]"
GestoreFascicoloEAR
ADMA5017I: Disinstallazione di GestoreFascicoloEAR avviata.
ADMA5104I: La voce di indice del server per WebSphere:cell=GiulioZelanteNode01Cell,node=GiulioZelanteNode01 Š stata aggiornata con esito positivo.
ADMA5102I: I dati di configurazione per GestoreFascicoloEAR dal contenitore di configurazione sono stati eliminati con successo.
ADMA5011I: La pulitura della directory temporanea per l'applicazione GestoreFascicoloEAR Š completa.
ADMA5106I: Disinstallazione dell'applicazione GestoreFascicoloEAR riuscita.
-----------------------------------------------------------------------------------------------------------------------------
MyEclipse: deployment END project: GestoreFascicoloEAR server: websphere61Server#AppSrv01 time: Tue Aug 04 12:26:31 CEST 2015
-----------------------------------------------------------------------------------------------------------------------------
----------------------------------------------------------------------------------------------------------------------------------------
MyEclipse: deployment START exploded project: GestoreFascicoloEAR server: websphere61Server#AppSrv01 time: Tue Aug 04 12:27:46 CEST 2015
----------------------------------------------------------------------------------------------------------------------------------------
WASX7209I: Connesso al processo "server1" sul nodo GiulioZelanteNode01 utilizzando il connettore SOAP;  Il tipo di processo Š: UnManagedProcess
WASX7303I: Le seguenti opzioni vengono inviate all''ambiente di script e sono disponibili come argomento che viene archiviato nella variabile argv: "[C:\\IBM\\SDP\\runtimes\\base_v61\\profiles\\AppSrv01\\installableApps\\GestoreFascicoloEAR.ear, GiulioZelanteNode01Cell, GiulioZelanteNode01, server1, GestoreFascicoloEAR, {{"GestoreFascicolo.war" "GestoreFascicolo.war,WEB-INF/web.xml" default_host}}, {{"null" "GestoreFascicolo.war,WEB-INF/ibm-web-ext.xmi"AppDeploymentOption.Yes 1}}, true, false, true, C:/lavoro/MyEclipse Blue 2014/configuration/org.eclipse.osgi/bundles/22/1/.cp/scriptutil/scriptutil.jar, none, true, none]"
C:\IBM\SDP\runtimes\base_v61\profiles\AppSrv01\installableApps\GestoreFascicoloEAR.ear
GiulioZelanteNode01Cell
GiulioZelanteNode01
server1
GestoreFascicoloEAR
{"GestoreFascicolo.war" "GestoreFascicolo.war,WEB-INF/web.xml" default_host}
{"null" "GestoreFascicolo.war,WEB-INF/ibm-web-ext.xmi"AppDeploymentOption.Yes 1}
-nopreCompileJSPs -distributeApp -server "server1" -useMetaDataFromBinary -nodeployejb -appname "GestoreFascicoloEAR" -createMBeansForResources -reloadEnabled -reloadInterval 1 -deployws -validateinstall off -processEmbeddedConfig -filepermission .*.dll=755#.*.so=755#.*.a=755#.*.sl=755  -buildVersion Unknown  -noallowDispatchRemoteInclude  -noallowServiceRemoteInclude  -MapWebModToVH {{"GestoreFascicolo.war" "GestoreFascicolo.war,WEB-INF/web.xml" default_host}} -JSPReloadForWebMod {{"null" "GestoreFascicolo.war,WEB-INF/ibm-web-ext.xmi"AppDeploymentOption.Yes 1}} 
true
false
true
C:/lavoro/MyEclipse Blue 2014/configuration/org.eclipse.osgi/bundles/22/1/.cp/scriptutil/scriptutil.jar

-nodeployejb
-processEmbeddedConfig
ADMA5016I: Installazione di GestoreFascicoloEAR avviata.
ADMA5058I: Le versioni dellapplicazione e del modulo sono convalidate con le versioni delle destinazioni di distribuzione.
WSWS0041I: L'attivit… del distributore di servizi Web Š stata completata con esito positivo.
ADMA5005I: L'applicazione GestoreFascicoloEAR Š configurata nel repository di WebSphere Application Server.
ADMA5053I: Sono creati i riferimenti alla libreria per il pacchetto facoltativo installato.
ADMA5005I: L'applicazione GestoreFascicoloEAR Š configurata nel repository di WebSphere Application Server.
ADMA5001I: File binari dell'applicazione salvati in C:\IBM\SDP\runtimes\base_v61\profiles\AppSrv01\wstemp\Script14ef840cedb\workspace\cells\GiulioZelanteNode01Cell\applications\GestoreFascicoloEAR.ear\GestoreFascicoloEAR.ear
ADMA5005I: L'applicazione GestoreFascicoloEAR Š configurata nel repository di WebSphere Application Server.
SECJ0400I: Applicazione GestoreFascicoloEAR con informazioni appContextIDForSecurity aggiornata correttamente.
ADMA5005I: L'applicazione GestoreFascicoloEAR Š configurata nel repository di WebSphere Application Server.
ADMA5011I: La pulitura della directory temporanea per l'applicazione GestoreFascicoloEAR Š completa.
ADMA5013I: Installazione dell'applicazione GestoreFascicoloEAR riuscita.
Starting GestoreFascicoloEAR application.
-----------------------------------------------------------------------------------------------------------------------------
MyEclipse: deployment END project: GestoreFascicoloEAR server: websphere61Server#AppSrv01 time: Tue Aug 04 12:29:28 CEST 2015
-----------------------------------------------------------------------------------------------------------------------------
----------------------------------------------------------------------------------------------------------------------------------------
MyEclipse: deployment START exploded project: GestoreFascicoloEAR server: websphere61Server#AppSrv01 time: Tue Aug 04 14:11:58 CEST 2015
----------------------------------------------------------------------------------------------------------------------------------------
WASX7209I: Connesso al processo "server1" sul nodo GiulioZelanteNode01 utilizzando il connettore SOAP;  Il tipo di processo Š: UnManagedProcess
WASX7303I: Le seguenti opzioni vengono inviate all''ambiente di script e sono disponibili come argomento che viene archiviato nella variabile argv: "[server1, GestoreFascicoloEAR]"
server1
GestoreFascicoloEAR
-----------------------------------------------------------------------------------------------------------------------------
MyEclipse: deployment END project: GestoreFascicoloEAR server: websphere61Server#AppSrv01 time: Tue Aug 04 14:12:06 CEST 2015
-----------------------------------------------------------------------------------------------------------------------------
----------------------------------------------------------------------------------------------------------------------------------------
MyEclipse: deployment START exploded project: GestoreFascicoloEAR server: websphere61Server#AppSrv01 time: Tue Aug 04 14:16:28 CEST 2015
----------------------------------------------------------------------------------------------------------------------------------------
WASX7209I: Connesso al processo "server1" sul nodo GiulioZelanteNode01 utilizzando il connettore SOAP;  Il tipo di processo Š: UnManagedProcess
WASX7303I: Le seguenti opzioni vengono inviate all''ambiente di script e sono disponibili come argomento che viene archiviato nella variabile argv: "[server1, GestoreFascicoloEAR]"
server1
GestoreFascicoloEAR
-----------------------------------------------------------------------------------------------------------------------------
MyEclipse: deployment END project: GestoreFascicoloEAR server: websphere61Server#AppSrv01 time: Tue Aug 04 14:16:46 CEST 2015
-----------------------------------------------------------------------------------------------------------------------------
----------------------------------------------------------------------------------------------------------------------------------------
MyEclipse: deployment START exploded project: GestoreFascicoloEAR server: websphere61Server#AppSrv01 time: Tue Aug 04 14:29:12 CEST 2015
----------------------------------------------------------------------------------------------------------------------------------------
WASX7209I: Connesso al processo "server1" sul nodo GiulioZelanteNode01 utilizzando il connettore SOAP;  Il tipo di processo Š: UnManagedProcess
WASX7303I: Le seguenti opzioni vengono inviate all''ambiente di script e sono disponibili come argomento che viene archiviato nella variabile argv: "[server1, GestoreFascicoloEAR]"
server1
GestoreFascicoloEAR
-----------------------------------------------------------------------------------------------------------------------------
MyEclipse: deployment END project: GestoreFascicoloEAR server: websphere61Server#AppSrv01 time: Tue Aug 04 14:29:31 CEST 2015
-----------------------------------------------------------------------------------------------------------------------------
----------------------------------------------------------------------------------------------------------------------------------------
MyEclipse: deployment START exploded project: GestoreFascicoloEAR server: websphere61Server#AppSrv01 time: Tue Aug 04 15:04:56 CEST 2015
----------------------------------------------------------------------------------------------------------------------------------------
WASX7209I: Connesso al processo "server1" sul nodo GiulioZelanteNode01 utilizzando il connettore SOAP;  Il tipo di processo Š: UnManagedProcess
WASX7303I: Le seguenti opzioni vengono inviate all''ambiente di script e sono disponibili come argomento che viene archiviato nella variabile argv: "[server1, GestoreFascicoloEAR]"
server1
GestoreFascicoloEAR
-----------------------------------------------------------------------------------------------------------------------------
MyEclipse: deployment END project: GestoreFascicoloEAR server: websphere61Server#AppSrv01 time: Tue Aug 04 15:05:14 CEST 2015
-----------------------------------------------------------------------------------------------------------------------------
----------------------------------------------------------------------------------------------------------------------------------------
MyEclipse: deployment START exploded project: GestoreFascicoloEAR server: websphere61Server#AppSrv01 time: Fri Aug 07 12:49:10 CEST 2015
----------------------------------------------------------------------------------------------------------------------------------------
WASX7209I: Connesso al processo "server1" sul nodo GiulioZelanteNode01 utilizzando il connettore SOAP;  Il tipo di processo Š: UnManagedProcess
WASX7303I: Le seguenti opzioni vengono inviate all''ambiente di script e sono disponibili come argomento che viene archiviato nella variabile argv: "[server1, GestoreFascicoloEAR]"
server1
GestoreFascicoloEAR
-----------------------------------------------------------------------------------------------------------------------------
MyEclipse: deployment END project: GestoreFascicoloEAR server: websphere61Server#AppSrv01 time: Fri Aug 07 12:49:35 CEST 2015
-----------------------------------------------------------------------------------------------------------------------------
---------------------------------------------------------------------------------------------------------------------------------------
MyEclipse: deployment START exploded project: GestoreFascicoloEAR server: websphere61Server#AppSrv01 time: Tue Jan 05 02:25:20 CET 2016
---------------------------------------------------------------------------------------------------------------------------------------
WASX7357I: su richiesta, questo client script non viene connesso ad alcun processo server. Alcune operazioni delle applicazioni e di configurazione saranno disponibili in modalit… locale.
WASX7303I: Le seguenti opzioni vengono inviate all''ambiente di script e sono disponibili come argomento che viene archiviato nella variabile argv: "[C:\\IBM\\SDP\\runtimes\\base_v61\\profiles\\AppSrv01\\installableApps\\GestoreFascicoloEAR.ear, GiulioZelanteNode01Cell, GiulioZelanteNode01, server1, GestoreFascicoloEAR, {{"GestoreFascicolo.war" "GestoreFascicolo.war,WEB-INF/web.xml" default_host}}, {{"null" "GestoreFascicolo.war,WEB-INF/ibm-web-ext.xmi"AppDeploymentOption.Yes 1}}, false, false, true, C:/lavoro/MyEclipse Blue 2014/configuration/org.eclipse.osgi/bundles/22/1/.cp/scriptutil/scriptutil.jar, none, true, none]"
C:\IBM\SDP\runtimes\base_v61\profiles\AppSrv01\installableApps\GestoreFascicoloEAR.ear
GiulioZelanteNode01Cell
GiulioZelanteNode01
server1
GestoreFascicoloEAR
{"GestoreFascicolo.war" "GestoreFascicolo.war,WEB-INF/web.xml" default_host}
{"null" "GestoreFascicolo.war,WEB-INF/ibm-web-ext.xmi"AppDeploymentOption.Yes 1}
-nopreCompileJSPs -distributeApp -server "server1" -useMetaDataFromBinary -nodeployejb -appname "GestoreFascicoloEAR" -createMBeansForResources -reloadEnabled -reloadInterval 1 -deployws -validateinstall off -processEmbeddedConfig -filepermission .*.dll=755#.*.so=755#.*.a=755#.*.sl=755  -buildVersion Unknown  -noallowDispatchRemoteInclude  -noallowServiceRemoteInclude  -MapWebModToVH {{"GestoreFascicolo.war" "GestoreFascicolo.war,WEB-INF/web.xml" default_host}} -JSPReloadForWebMod {{"null" "GestoreFascicolo.war,WEB-INF/ibm-web-ext.xmi"AppDeploymentOption.Yes 1}} 
false
false
true
C:/lavoro/MyEclipse Blue 2014/configuration/org.eclipse.osgi/bundles/22/1/.cp/scriptutil/scriptutil.jar

-nodeployejb
-processEmbeddedConfig
ADMA5016I: Installazione di GestoreFascicoloEAR avviata.
ADMA5058I: Le versioni dellapplicazione e del modulo sono convalidate con le versioni delle destinazioni di distribuzione.
WSWS0041I: L'attivit… del distributore di servizi Web Š stata completata con esito positivo.
ADMA5005I: L'applicazione GestoreFascicoloEAR Š configurata nel repository di WebSphere Application Server.
ADMA5053I: Sono creati i riferimenti alla libreria per il pacchetto facoltativo installato.
ADMA5005I: L'applicazione GestoreFascicoloEAR Š configurata nel repository di WebSphere Application Server.
ADMA5001I: File binari dell'applicazione salvati in C:\IBM\SDP\runtimes\base_v61\profiles\AppSrv01\wstemp\Script1520f63c071\workspace\cells\GiulioZelanteNode01Cell\applications\GestoreFascicoloEAR.ear\GestoreFascicoloEAR.ear
ADMA5005I: L'applicazione GestoreFascicoloEAR Š configurata nel repository di WebSphere Application Server.
SECJ0400I: Applicazione GestoreFascicoloEAR con informazioni appContextIDForSecurity aggiornata correttamente.
ADMA5005I: L'applicazione GestoreFascicoloEAR Š configurata nel repository di WebSphere Application Server.
ADMA5011I: La pulitura della directory temporanea per l'applicazione GestoreFascicoloEAR Š completa.
ADMA5013I: Installazione dell'applicazione GestoreFascicoloEAR riuscita.
----------------------------------------------------------------------------------------------------------------------------
MyEclipse: deployment END project: GestoreFascicoloEAR server: websphere61Server#AppSrv01 time: Tue Jan 05 02:26:19 CET 2016
----------------------------------------------------------------------------------------------------------------------------
---------------------------------------------------------------------------------------------------------------------------------------
MyEclipse: deployment START exploded project: GestoreFascicoloEAR server: websphere61Server#AppSrv01 time: Wed Jan 13 18:30:54 CET 2016
---------------------------------------------------------------------------------------------------------------------------------------
WASX7209I: Connesso al processo "server1" sul nodo GiulioZelanteNode01 utilizzando il connettore SOAP;  Il tipo di processo Š: UnManagedProcess
WASX7303I: Le seguenti opzioni vengono inviate all''ambiente di script e sono disponibili come argomento che viene archiviato nella variabile argv: "[server1, GestoreFascicoloEAR]"
server1
GestoreFascicoloEAR
----------------------------------------------------------------------------------------------------------------------------
MyEclipse: deployment END project: GestoreFascicoloEAR server: websphere61Server#AppSrv01 time: Wed Jan 13 18:31:31 CET 2016
----------------------------------------------------------------------------------------------------------------------------
---------------------------------------------------------------------------------------------------------------------------------------
MyEclipse: deployment START exploded project: GestoreFascicoloEAR server: websphere61Server#AppSrv01 time: Thu Jan 14 00:10:21 CET 2016
---------------------------------------------------------------------------------------------------------------------------------------
WASX7209I: Connesso al processo "server1" sul nodo GiulioZelanteNode01 utilizzando il connettore SOAP;  Il tipo di processo Š: UnManagedProcess
WASX7303I: Le seguenti opzioni vengono inviate all''ambiente di script e sono disponibili come argomento che viene archiviato nella variabile argv: "[server1, GestoreFascicoloEAR]"
server1
GestoreFascicoloEAR
----------------------------------------------------------------------------------------------------------------------------
MyEclipse: deployment END project: GestoreFascicoloEAR server: websphere61Server#AppSrv01 time: Thu Jan 14 00:10:54 CET 2016
----------------------------------------------------------------------------------------------------------------------------
