------------------------------------------------------------------------------------------------------------------------------------------
MyEclipse: deployment START exploded project: GestoreFascicoloWSEAR server: websphere61Server#AppSrv01 time: Tue Jul 14 17:58:33 CEST 2015
------------------------------------------------------------------------------------------------------------------------------------------
WASX7209I: Connesso al processo "server1" sul nodo GiulioZelanteNode01 utilizzando il connettore SOAP;  Il tipo di processo Š: UnManagedProcess
WASX7303I: Le seguenti opzioni vengono inviate all''ambiente di script e sono disponibili come argomento che viene archiviato nella variabile argv: "[C:\\IBM\\SDP\\runtimes\\base_v61\\profiles\\AppSrv01\\installableApps\\GestoreFascicoloWSEAR.ear, GiulioZelanteNode01Cell, GiulioZelanteNode01, server1, GestoreFascicoloWSEAR, {{"GestoreFascicoloWS.war" "GestoreFascicoloWS.war,WEB-INF/web.xml" default_host}}, {{"null" "GestoreFascicoloWS.war,WEB-INF/ibm-web-ext.xmi"AppDeploymentOption.Yes 1}}, true, false, true, C:/lavoro/MyEclipse Blue 2014/configuration/org.eclipse.osgi/bundles/22/1/.cp/scriptutil/scriptutil.jar, none, true, none]"
C:\IBM\SDP\runtimes\base_v61\profiles\AppSrv01\installableApps\GestoreFascicoloWSEAR.ear
GiulioZelanteNode01Cell
GiulioZelanteNode01
server1
GestoreFascicoloWSEAR
{"GestoreFascicoloWS.war" "GestoreFascicoloWS.war,WEB-INF/web.xml" default_host}
{"null" "GestoreFascicoloWS.war,WEB-INF/ibm-web-ext.xmi"AppDeploymentOption.Yes 1}
-nopreCompileJSPs -distributeApp -server "server1" -useMetaDataFromBinary -nodeployejb -appname "GestoreFascicoloWSEAR" -createMBeansForResources -reloadEnabled -reloadInterval 1 -deployws -validateinstall off -processEmbeddedConfig -filepermission .*.dll=755#.*.so=755#.*.a=755#.*.sl=755  -buildVersion Unknown  -noallowDispatchRemoteInclude  -noallowServiceRemoteInclude  -MapWebModToVH {{"GestoreFascicoloWS.war" "GestoreFascicoloWS.war,WEB-INF/web.xml" default_host}} -JSPReloadForWebMod {{"null" "GestoreFascicoloWS.war,WEB-INF/ibm-web-ext.xmi"AppDeploymentOption.Yes 1}} 
true
false
true
C:/lavoro/MyEclipse Blue 2014/configuration/org.eclipse.osgi/bundles/22/1/.cp/scriptutil/scriptutil.jar

-nodeployejb
-processEmbeddedConfig
ADMA5016I: Installazione di GestoreFascicoloWSEAR avviata.
ADMA5058I: Le versioni dellapplicazione e del modulo sono convalidate con le versioni delle destinazioni di distribuzione.
WSWS0041I: L'attivit… del distributore di servizi Web Š stata completata con esito positivo.
ADMA5005I: L'applicazione GestoreFascicoloWSEAR Š configurata nel repository di WebSphere Application Server.
ADMA5053I: Sono creati i riferimenti alla libreria per il pacchetto facoltativo installato.
ADMA5005I: L'applicazione GestoreFascicoloWSEAR Š configurata nel repository di WebSphere Application Server.
ADMA5001I: File binari dell'applicazione salvati in C:\IBM\SDP\runtimes\base_v61\profiles\AppSrv01\wstemp\Script14e8d4a123e\workspace\cells\GiulioZelanteNode01Cell\applications\GestoreFascicoloWSEAR.ear\GestoreFascicoloWSEAR.ear
ADMA5005I: L'applicazione GestoreFascicoloWSEAR Š configurata nel repository di WebSphere Application Server.
SECJ0400I: Applicazione GestoreFascicoloWSEAR con informazioni appContextIDForSecurity aggiornata correttamente.
ADMA5005I: L'applicazione GestoreFascicoloWSEAR Š configurata nel repository di WebSphere Application Server.
ADMA5011I: La pulitura della directory temporanea per l'applicazione GestoreFascicoloWSEAR Š completa.
ADMA5013I: Installazione dell'applicazione GestoreFascicoloWSEAR riuscita.
Starting GestoreFascicoloWSEAR application.
-------------------------------------------------------------------------------------------------------------------------------
MyEclipse: deployment END project: GestoreFascicoloWSEAR server: websphere61Server#AppSrv01 time: Tue Jul 14 17:59:55 CEST 2015
-------------------------------------------------------------------------------------------------------------------------------
------------------------------------------------------------------------------------------------------------------------------------------
MyEclipse: deployment START exploded project: GestoreFascicoloWSEAR server: websphere61Server#AppSrv01 time: Wed Jul 15 11:54:46 CEST 2015
------------------------------------------------------------------------------------------------------------------------------------------
------------------------------------------------------------------------------------------------------------------------------------------
MyEclipse: deployment START exploded project: GestoreFascicoloWSEAR server: websphere61Server#AppSrv01 time: Wed Jul 15 12:09:49 CEST 2015
------------------------------------------------------------------------------------------------------------------------------------------
------------------------------------------------------------------------------------------------------------------------------------------
MyEclipse: deployment START exploded project: GestoreFascicoloWSEAR server: websphere61Server#AppSrv01 time: Wed Jul 15 12:10:12 CEST 2015
------------------------------------------------------------------------------------------------------------------------------------------
WASX7209I: Connesso al processo "server1" sul nodo GiulioZelanteNode01 utilizzando il connettore SOAP;  Il tipo di processo Š: UnManagedProcess
WASX7303I: Le seguenti opzioni vengono inviate all''ambiente di script e sono disponibili come argomento che viene archiviato nella variabile argv: "[server1, GestoreFascicoloWSEAR]"
server1
GestoreFascicoloWSEAR
WASX7017E: Eccezione ricevuta durante l''esecuzione del file "C:\lavoro\MyEclipse Blue 2014\plugins\com.genuitec.eclipse.blue.websphere61_11.0.0.me201305201839\restartApplication.jacl"; informazioni sull''eccezione: javax.management.MBeanException
com.ibm.ws.exception.RuntimeWarning: Application GestoreFascicoloWSEAR not started

-------------------------------------------------------------------------------------------------------------------------------
MyEclipse: deployment END project: GestoreFascicoloWSEAR server: websphere61Server#AppSrv01 time: Wed Jul 15 12:10:24 CEST 2015
-------------------------------------------------------------------------------------------------------------------------------
------------------------------------------------------------------------------------------------------------------------------------------
MyEclipse: deployment START exploded project: GestoreFascicoloWSEAR server: websphere61Server#AppSrv01 time: Wed Jul 15 12:10:49 CEST 2015
------------------------------------------------------------------------------------------------------------------------------------------
WASX7209I: Connesso al processo "server1" sul nodo GiulioZelanteNode01 utilizzando il connettore SOAP;  Il tipo di processo Š: UnManagedProcess
WASX7303I: Le seguenti opzioni vengono inviate all''ambiente di script e sono disponibili come argomento che viene archiviato nella variabile argv: "[GestoreFascicoloWSEAR]"
GestoreFascicoloWSEAR
ADMA5017I: Disinstallazione di GestoreFascicoloWSEAR avviata.
ADMA5104I: La voce di indice del server per WebSphere:cell=GiulioZelanteNode01Cell,node=GiulioZelanteNode01 Š stata aggiornata con esito positivo.
ADMA5102I: I dati di configurazione per GestoreFascicoloWSEAR dal contenitore di configurazione sono stati eliminati con successo.
ADMA5011I: La pulitura della directory temporanea per l'applicazione GestoreFascicoloWSEAR Š completa.
ADMA5106I: Disinstallazione dell'applicazione GestoreFascicoloWSEAR riuscita.
-------------------------------------------------------------------------------------------------------------------------------
MyEclipse: deployment END project: GestoreFascicoloWSEAR server: websphere61Server#AppSrv01 time: Wed Jul 15 12:11:12 CEST 2015
-------------------------------------------------------------------------------------------------------------------------------
------------------------------------------------------------------------------------------------------------------------------------------
MyEclipse: deployment START exploded project: GestoreFascicoloWSEAR server: websphere61Server#AppSrv01 time: Wed Jul 15 12:13:11 CEST 2015
------------------------------------------------------------------------------------------------------------------------------------------
WASX7209I: Connesso al processo "server1" sul nodo GiulioZelanteNode01 utilizzando il connettore SOAP;  Il tipo di processo Š: UnManagedProcess
WASX7303I: Le seguenti opzioni vengono inviate all''ambiente di script e sono disponibili come argomento che viene archiviato nella variabile argv: "[C:\\IBM\\SDP\\runtimes\\base_v61\\profiles\\AppSrv01\\installableApps\\GestoreFascicoloWSEAR.ear, GiulioZelanteNode01Cell, GiulioZelanteNode01, server1, GestoreFascicoloWSEAR, {{"GestoreFascicoloWS.war" "GestoreFascicoloWS.war,WEB-INF/web.xml" default_host}}, {{"null" "GestoreFascicoloWS.war,WEB-INF/ibm-web-ext.xmi"AppDeploymentOption.Yes 1}}, true, false, true, C:/lavoro/MyEclipse Blue 2014/configuration/org.eclipse.osgi/bundles/22/1/.cp/scriptutil/scriptutil.jar, none, true, none]"
C:\IBM\SDP\runtimes\base_v61\profiles\AppSrv01\installableApps\GestoreFascicoloWSEAR.ear
GiulioZelanteNode01Cell
GiulioZelanteNode01
server1
GestoreFascicoloWSEAR
{"GestoreFascicoloWS.war" "GestoreFascicoloWS.war,WEB-INF/web.xml" default_host}
{"null" "GestoreFascicoloWS.war,WEB-INF/ibm-web-ext.xmi"AppDeploymentOption.Yes 1}
-nopreCompileJSPs -distributeApp -server "server1" -useMetaDataFromBinary -nodeployejb -appname "GestoreFascicoloWSEAR" -createMBeansForResources -reloadEnabled -reloadInterval 1 -deployws -validateinstall off -processEmbeddedConfig -filepermission .*.dll=755#.*.so=755#.*.a=755#.*.sl=755  -buildVersion Unknown  -noallowDispatchRemoteInclude  -noallowServiceRemoteInclude  -MapWebModToVH {{"GestoreFascicoloWS.war" "GestoreFascicoloWS.war,WEB-INF/web.xml" default_host}} -JSPReloadForWebMod {{"null" "GestoreFascicoloWS.war,WEB-INF/ibm-web-ext.xmi"AppDeploymentOption.Yes 1}} 
true
false
true
C:/lavoro/MyEclipse Blue 2014/configuration/org.eclipse.osgi/bundles/22/1/.cp/scriptutil/scriptutil.jar

-nodeployejb
-processEmbeddedConfig
ADMA5016I: Installazione di GestoreFascicoloWSEAR avviata.
ADMA5058I: Le versioni dellapplicazione e del modulo sono convalidate con le versioni delle destinazioni di distribuzione.
WSWS0041I: L'attivit… del distributore di servizi Web Š stata completata con esito positivo.
ADMA5005I: L'applicazione GestoreFascicoloWSEAR Š configurata nel repository di WebSphere Application Server.
ADMA5053I: Sono creati i riferimenti alla libreria per il pacchetto facoltativo installato.
ADMA5005I: L'applicazione GestoreFascicoloWSEAR Š configurata nel repository di WebSphere Application Server.
ADMA5001I: File binari dell'applicazione salvati in C:\IBM\SDP\runtimes\base_v61\profiles\AppSrv01\wstemp\Script14e91344672\workspace\cells\GiulioZelanteNode01Cell\applications\GestoreFascicoloWSEAR.ear\GestoreFascicoloWSEAR.ear
ADMA5005I: L'applicazione GestoreFascicoloWSEAR Š configurata nel repository di WebSphere Application Server.
SECJ0400I: Applicazione GestoreFascicoloWSEAR con informazioni appContextIDForSecurity aggiornata correttamente.
ADMA5005I: L'applicazione GestoreFascicoloWSEAR Š configurata nel repository di WebSphere Application Server.
ADMA5011I: La pulitura della directory temporanea per l'applicazione GestoreFascicoloWSEAR Š completa.
ADMA5013I: Installazione dell'applicazione GestoreFascicoloWSEAR riuscita.
Starting GestoreFascicoloWSEAR application.
-------------------------------------------------------------------------------------------------------------------------------
MyEclipse: deployment END project: GestoreFascicoloWSEAR server: websphere61Server#AppSrv01 time: Wed Jul 15 12:13:55 CEST 2015
-------------------------------------------------------------------------------------------------------------------------------
------------------------------------------------------------------------------------------------------------------------------------------
MyEclipse: deployment START exploded project: GestoreFascicoloWSEAR server: websphere61Server#AppSrv01 time: Thu Jul 16 10:52:45 CEST 2015
------------------------------------------------------------------------------------------------------------------------------------------
WASX7209I: Connesso al processo "server1" sul nodo GiulioZelanteNode01 utilizzando il connettore SOAP;  Il tipo di processo Š: UnManagedProcess
WASX7303I: Le seguenti opzioni vengono inviate all''ambiente di script e sono disponibili come argomento che viene archiviato nella variabile argv: "[server1, GestoreFascicoloWSEAR]"
server1
GestoreFascicoloWSEAR
-------------------------------------------------------------------------------------------------------------------------------
MyEclipse: deployment END project: GestoreFascicoloWSEAR server: websphere61Server#AppSrv01 time: Thu Jul 16 10:53:19 CEST 2015
-------------------------------------------------------------------------------------------------------------------------------
------------------------------------------------------------------------------------------------------------------------------------------
MyEclipse: deployment START exploded project: GestoreFascicoloWSEAR server: websphere61Server#AppSrv01 time: Thu Jul 16 11:38:13 CEST 2015
------------------------------------------------------------------------------------------------------------------------------------------
WASX7209I: Connesso al processo "server1" sul nodo GiulioZelanteNode01 utilizzando il connettore SOAP;  Il tipo di processo Š: UnManagedProcess
WASX7303I: Le seguenti opzioni vengono inviate all''ambiente di script e sono disponibili come argomento che viene archiviato nella variabile argv: "[server1, GestoreFascicoloWSEAR]"
server1
GestoreFascicoloWSEAR
-------------------------------------------------------------------------------------------------------------------------------
MyEclipse: deployment END project: GestoreFascicoloWSEAR server: websphere61Server#AppSrv01 time: Thu Jul 16 11:38:30 CEST 2015
-------------------------------------------------------------------------------------------------------------------------------
------------------------------------------------------------------------------------------------------------------------------------------
MyEclipse: deployment START exploded project: GestoreFascicoloWSEAR server: websphere61Server#AppSrv01 time: Thu Jul 16 11:52:48 CEST 2015
------------------------------------------------------------------------------------------------------------------------------------------
WASX7209I: Connesso al processo "server1" sul nodo GiulioZelanteNode01 utilizzando il connettore SOAP;  Il tipo di processo Š: UnManagedProcess
WASX7303I: Le seguenti opzioni vengono inviate all''ambiente di script e sono disponibili come argomento che viene archiviato nella variabile argv: "[GestoreFascicoloWSEAR]"
GestoreFascicoloWSEAR
ADMA5017I: Disinstallazione di GestoreFascicoloWSEAR avviata.
ADMA5104I: La voce di indice del server per WebSphere:cell=GiulioZelanteNode01Cell,node=GiulioZelanteNode01 Š stata aggiornata con esito positivo.
ADMA5102I: I dati di configurazione per GestoreFascicoloWSEAR dal contenitore di configurazione sono stati eliminati con successo.
ADMA5011I: La pulitura della directory temporanea per l'applicazione GestoreFascicoloWSEAR Š completa.
ADMA5106I: Disinstallazione dell'applicazione GestoreFascicoloWSEAR riuscita.
-------------------------------------------------------------------------------------------------------------------------------
MyEclipse: deployment END project: GestoreFascicoloWSEAR server: websphere61Server#AppSrv01 time: Thu Jul 16 11:53:15 CEST 2015
-------------------------------------------------------------------------------------------------------------------------------
------------------------------------------------------------------------------------------------------------------------------------------
MyEclipse: deployment START exploded project: GestoreFascicoloWSEAR server: websphere61Server#AppSrv01 time: Thu Jul 16 11:56:37 CEST 2015
------------------------------------------------------------------------------------------------------------------------------------------
WASX7209I: Connesso al processo "server1" sul nodo GiulioZelanteNode01 utilizzando il connettore SOAP;  Il tipo di processo Š: UnManagedProcess
WASX7303I: Le seguenti opzioni vengono inviate all''ambiente di script e sono disponibili come argomento che viene archiviato nella variabile argv: "[C:\\IBM\\SDP\\runtimes\\base_v61\\profiles\\AppSrv01\\installableApps\\GestoreFascicoloWSEAR.ear, GiulioZelanteNode01Cell, GiulioZelanteNode01, server1, GestoreFascicoloWSEAR, {{"GestoreFascicoloWS.war" "GestoreFascicoloWS.war,WEB-INF/web.xml" default_host}}, {{"null" "GestoreFascicoloWS.war,WEB-INF/ibm-web-ext.xmi"AppDeploymentOption.Yes 1}}, true, false, true, C:/lavoro/MyEclipse Blue 2014/configuration/org.eclipse.osgi/bundles/22/1/.cp/scriptutil/scriptutil.jar, none, true, none]"
C:\IBM\SDP\runtimes\base_v61\profiles\AppSrv01\installableApps\GestoreFascicoloWSEAR.ear
GiulioZelanteNode01Cell
GiulioZelanteNode01
server1
GestoreFascicoloWSEAR
{"GestoreFascicoloWS.war" "GestoreFascicoloWS.war,WEB-INF/web.xml" default_host}
{"null" "GestoreFascicoloWS.war,WEB-INF/ibm-web-ext.xmi"AppDeploymentOption.Yes 1}
-nopreCompileJSPs -distributeApp -server "server1" -useMetaDataFromBinary -nodeployejb -appname "GestoreFascicoloWSEAR" -createMBeansForResources -reloadEnabled -reloadInterval 1 -deployws -validateinstall off -processEmbeddedConfig -filepermission .*.dll=755#.*.so=755#.*.a=755#.*.sl=755  -buildVersion Unknown  -noallowDispatchRemoteInclude  -noallowServiceRemoteInclude  -MapWebModToVH {{"GestoreFascicoloWS.war" "GestoreFascicoloWS.war,WEB-INF/web.xml" default_host}} -JSPReloadForWebMod {{"null" "GestoreFascicoloWS.war,WEB-INF/ibm-web-ext.xmi"AppDeploymentOption.Yes 1}} 
true
false
true
C:/lavoro/MyEclipse Blue 2014/configuration/org.eclipse.osgi/bundles/22/1/.cp/scriptutil/scriptutil.jar

-nodeployejb
-processEmbeddedConfig
ADMA5016I: Installazione di GestoreFascicoloWSEAR avviata.
ADMA5058I: Le versioni dellapplicazione e del modulo sono convalidate con le versioni delle destinazioni di distribuzione.
WSWS0041I: L'attivit… del distributore di servizi Web Š stata completata con esito positivo.
ADMA5005I: L'applicazione GestoreFascicoloWSEAR Š configurata nel repository di WebSphere Application Server.
ADMA5053I: Sono creati i riferimenti alla libreria per il pacchetto facoltativo installato.
ADMA5005I: L'applicazione GestoreFascicoloWSEAR Š configurata nel repository di WebSphere Application Server.
ADMA5001I: File binari dell'applicazione salvati in C:\IBM\SDP\runtimes\base_v61\profiles\AppSrv01\wstemp\Script14e964b70c9\workspace\cells\GiulioZelanteNode01Cell\applications\GestoreFascicoloWSEAR.ear\GestoreFascicoloWSEAR.ear
ADMA5005I: L'applicazione GestoreFascicoloWSEAR Š configurata nel repository di WebSphere Application Server.
SECJ0400I: Applicazione GestoreFascicoloWSEAR con informazioni appContextIDForSecurity aggiornata correttamente.
ADMA5005I: L'applicazione GestoreFascicoloWSEAR Š configurata nel repository di WebSphere Application Server.
ADMA5011I: La pulitura della directory temporanea per l'applicazione GestoreFascicoloWSEAR Š completa.
ADMA5013I: Installazione dell'applicazione GestoreFascicoloWSEAR riuscita.
Starting GestoreFascicoloWSEAR application.
-------------------------------------------------------------------------------------------------------------------------------
MyEclipse: deployment END project: GestoreFascicoloWSEAR server: websphere61Server#AppSrv01 time: Thu Jul 16 11:58:36 CEST 2015
-------------------------------------------------------------------------------------------------------------------------------
------------------------------------------------------------------------------------------------------------------------------------------
MyEclipse: deployment START exploded project: GestoreFascicoloWSEAR server: websphere61Server#AppSrv01 time: Tue Jul 28 15:59:40 CEST 2015
------------------------------------------------------------------------------------------------------------------------------------------
WASX7209I: Connesso al processo "server1" sul nodo GiulioZelanteNode01 utilizzando il connettore SOAP;  Il tipo di processo Š: UnManagedProcess
WASX7303I: Le seguenti opzioni vengono inviate all''ambiente di script e sono disponibili come argomento che viene archiviato nella variabile argv: "[server1, GestoreFascicoloWSEAR]"
server1
GestoreFascicoloWSEAR
-------------------------------------------------------------------------------------------------------------------------------
MyEclipse: deployment END project: GestoreFascicoloWSEAR server: websphere61Server#AppSrv01 time: Tue Jul 28 16:00:57 CEST 2015
-------------------------------------------------------------------------------------------------------------------------------
